<?xml version="1.0" encoding="UTF-8"?>
<!-- Generated by org.testng.reporters.JUnitReportReporter -->
<testsuite hostname="Jinuu-PC" failures="0" tests="5" name="tests.Testing1" time="0.011" errors="0" timestamp="2022-09-07T17:16:38 EDT" skipped="0">
  <testcase classname="tests.Testing1" name="abc" time="0.008"/>
  <system-out/>
  <testcase classname="tests.Testing1" name="test1" time="0.000"/>
  <system-out/>
  <testcase classname="tests.Testing1" name="abc" time="0.003"/>
  <system-out/>
  <testcase classname="tests.Testing1" name="test1" time="0.000"/>
  <system-out/>
  <testcase classname="tests.Testing1" name="test2" time="0.000"/>
  <system-out/>
</testsuite> <!-- tests.Testing1 -->
